08:06:42.590 [restartedMain] INFO  c.r.RuoYiApplication - [logStarting,50] - Starting RuoYiApplication on MacBook-Pro.local with PID 5849 (/Users/weilai/IdeaProjects/RuoYi/ruoyi-admin/target/classes started by weilai in /Users/weilai/IdeaProjects/RuoYi)
08:06:42.596 [restartedMain] INFO  c.r.RuoYiApplication - [logStartupProfileInfo,679] - The following profiles are active: druid
08:06:49.146 [restartedMain] INFO  o.a.s.c.e.EhCacheManager - [getCache,158] - Cache with name 'com.ruoyi.framework.shiro.realm.UserRealm.authorizationCache' does not yet exist.  Creating now.
08:06:49.147 [restartedMain] INFO  o.a.s.c.e.EhCacheManager - [getCache,165] - Added EhCache named [com.ruoyi.framework.shiro.realm.UserRealm.authorizationCache]
08:06:49.814 [restartedMain] INFO  o.a.s.c.e.EhCacheManager - [getCache,169] - Using existing EHCache named [loginRecordCache]
08:06:50.349 [restartedMain] INFO  c.a.d.p.DruidDataSource - [init,991] - {dataSource-1} inited
08:06:50.467 [restartedMain] INFO  o.a.s.c.e.EhCacheManager - [getCache,169] - Using existing EHCache named [sys-config]
08:06:50.470 [restartedMain] INFO  o.a.s.c.e.EhCacheManager - [getCache,169] - Using existing EHCache named [sys-config]
08:06:50.471 [restartedMain] INFO  o.a.s.c.e.EhCacheManager - [getCache,169] - Using existing EHCache named [sys-config]
08:06:50.472 [restartedMain] INFO  o.a.s.c.e.EhCacheManager - [getCache,169] - Using existing EHCache named [sys-config]
08:06:50.566 [restartedMain] INFO  o.a.s.c.e.EhCacheManager - [getCache,169] - Using existing EHCache named [sys-userCache]
08:06:50.566 [restartedMain] INFO  o.a.s.c.e.EhCacheManager - [getCache,169] - Using existing EHCache named [sys-userCache]
08:06:50.990 [restartedMain] INFO  o.a.c.h.Http11NioProtocol - [log,173] - Initializing ProtocolHandler ["http-nio-8888"]
08:06:50.999 [restartedMain] INFO  o.a.c.c.StandardService - [log,173] - Starting service [Tomcat]
08:06:50.999 [restartedMain] INFO  o.a.c.c.StandardEngine - [log,173] - Starting Servlet Engine: Apache Tomcat/9.0.13
08:06:51.006 [restartedMain] INFO  o.a.c.c.AprLifecycleListener - [log,173] - The APR based Apache Tomcat Native library which allows optimal performance in production environments was not found on the java.library.path: [/Users/weilai/Library/Java/Extensions:/Library/Java/Extensions:/Network/Library/Java/Extensions:/System/Library/Java/Extensions:/usr/lib/java:.]
08:06:51.090 [restartedMain] INFO  o.a.c.c.C.[.[.[/] - [log,173] - Initializing Spring embedded WebApplicationContext
08:06:51.372 [restartedMain] INFO  o.a.s.c.e.EhCacheManager - [getCache,169] - Using existing EHCache named [sys-dict]
08:06:51.377 [restartedMain] INFO  o.a.s.c.e.EhCacheManager - [getCache,169] - Using existing EHCache named [sys-dict]
08:06:51.381 [restartedMain] INFO  o.a.s.c.e.EhCacheManager - [getCache,169] - Using existing EHCache named [sys-dict]
08:06:51.385 [restartedMain] INFO  o.a.s.c.e.EhCacheManager - [getCache,169] - Using existing EHCache named [sys-dict]
08:06:51.389 [restartedMain] INFO  o.a.s.c.e.EhCacheManager - [getCache,169] - Using existing EHCache named [sys-dict]
08:06:51.393 [restartedMain] INFO  o.a.s.c.e.EhCacheManager - [getCache,169] - Using existing EHCache named [sys-dict]
08:06:51.397 [restartedMain] INFO  o.a.s.c.e.EhCacheManager - [getCache,169] - Using existing EHCache named [sys-dict]
08:06:51.403 [restartedMain] INFO  o.a.s.c.e.EhCacheManager - [getCache,169] - Using existing EHCache named [sys-dict]
08:06:51.408 [restartedMain] INFO  o.a.s.c.e.EhCacheManager - [getCache,169] - Using existing EHCache named [sys-dict]
08:06:51.412 [restartedMain] INFO  o.a.s.c.e.EhCacheManager - [getCache,169] - Using existing EHCache named [sys-dict]
08:06:51.585 [restartedMain] INFO  o.q.i.StdSchedulerFactory - [instantiate,1208] - Using default implementation for ThreadExecutor
08:06:56.604 [restartedMain] INFO  o.q.c.SchedulerSignalerImpl - [<init>,61] - Initialized Scheduler Signaller of type: class org.quartz.core.SchedulerSignalerImpl
08:06:56.604 [restartedMain] INFO  o.q.c.QuartzScheduler - [<init>,229] - Quartz Scheduler v.2.3.0 created.
08:06:56.614 [restartedMain] INFO  o.q.c.QuartzScheduler - [initialize,294] - Scheduler meta-data: Quartz Scheduler (v2.3.0) 'RuoyiScheduler' with instanceId 'MacBook-Pro.local1592698016590'
  Scheduler class: 'org.quartz.core.QuartzScheduler' - running locally.
  NOT STARTED.
  Currently in standby mode.
  Number of jobs executed: 0
  Using thread pool 'org.quartz.simpl.SimpleThreadPool' - with 20 threads.
  Using job-store 'org.springframework.scheduling.quartz.LocalDataSourceJobStore' - which supports persistence. and is clustered.

08:06:56.614 [restartedMain] INFO  o.q.i.StdSchedulerFactory - [instantiate,1362] - Quartz scheduler 'RuoyiScheduler' initialized from an externally provided properties instance.
08:06:56.614 [restartedMain] INFO  o.q.i.StdSchedulerFactory - [instantiate,1366] - Quartz scheduler version: 2.3.0
08:06:56.615 [restartedMain] INFO  o.q.c.QuartzScheduler - [setJobFactory,2287] - JobFactory set to: org.springframework.scheduling.quartz.AdaptableJobFactory@4164fa5
08:06:57.524 [restartedMain] INFO  s.d.s.w.PropertySourcedRequestMappingHandlerMapping - [initHandlerMethods,69] - Mapped URL path [/v2/api-docs] onto method [public org.springframework.http.ResponseEntity<springfox.documentation.spring.web.json.Json> springfox.documentation.swagger2.web.Swagger2Controller.getDocumentation(java.lang.String,javax.servlet.http.HttpServletRequest)]
08:06:58.250 [restartedMain] INFO  s.d.s.w.p.DocumentationPluginsBootstrapper - [start,160] - Context refreshed
08:06:58.261 [restartedMain] INFO  s.d.s.w.p.DocumentationPluginsBootstrapper - [start,163] - Found 1 custom documentation plugin(s)
08:06:58.301 [restartedMain] INFO  s.d.s.w.s.ApiListingReferenceScanner - [scan,41] - Scanning for api listing references
08:06:58.598 [restartedMain] INFO  o.a.c.h.Http11NioProtocol - [log,173] - Starting ProtocolHandler ["http-nio-8888"]
08:06:58.616 [restartedMain] INFO  o.a.t.u.n.NioSelectorPool - [log,173] - Using a shared selector for servlet write/read
08:06:58.633 [restartedMain] INFO  c.r.RuoYiApplication - [logStarted,59] - Started RuoYiApplication in 36.392 seconds (JVM running for 42.025)
08:06:59.625 [Quartz Scheduler [RuoyiScheduler]] INFO  o.q.c.QuartzScheduler - [start,547] - Scheduler RuoyiScheduler_$_MacBook-Pro.local1592698016590 started.
08:07:29.031 [http-nio-8888-exec-1] INFO  o.a.c.c.C.[.[.[/] - [log,173] - Initializing Spring DispatcherServlet 'dispatcherServlet'
08:07:29.063 [http-nio-8888-exec-1] INFO  o.a.s.s.m.AbstractValidatingSessionManager - [enableSessionValidation,233] - Enabling session validation scheduler...
08:07:29.091 [http-nio-8888-exec-1] INFO  o.a.s.c.e.EhCacheManager - [getCache,169] - Using existing EHCache named [shiro-activeSessionCache]
08:07:29.170 [http-nio-8888-exec-1] INFO  o.a.s.c.e.EhCacheManager - [getCache,169] - Using existing EHCache named [sys-config]
08:07:29.172 [http-nio-8888-exec-1] INFO  o.a.s.c.e.EhCacheManager - [getCache,169] - Using existing EHCache named [sys-config]
08:07:30.070 [schedule-pool-2] INFO  c.r.f.s.w.s.OnlineWebSessionManager - [validateSessions,87] - invalidation sessions...
08:07:30.079 [schedule-pool-2] INFO  c.r.f.s.w.s.OnlineWebSessionManager - [validateSessions,132] - Finished invalidation session. No sessions were stopped.
08:17:30.070 [schedule-pool-1] INFO  c.r.f.s.w.s.OnlineWebSessionManager - [validateSessions,87] - invalidation sessions...
08:17:30.079 [schedule-pool-1] INFO  c.r.f.s.w.s.OnlineWebSessionManager - [validateSessions,132] - Finished invalidation session. No sessions were stopped.
08:27:30.092 [schedule-pool-2] INFO  c.r.f.s.w.s.OnlineWebSessionManager - [validateSessions,87] - invalidation sessions...
08:27:30.098 [schedule-pool-2] INFO  c.r.f.s.w.s.OnlineWebSessionManager - [validateSessions,132] - Finished invalidation session. No sessions were stopped.
08:37:30.096 [schedule-pool-3] INFO  c.r.f.s.w.s.OnlineWebSessionManager - [validateSessions,87] - invalidation sessions...
08:37:30.110 [schedule-pool-3] INFO  c.r.f.s.w.s.OnlineWebSessionManager - [validateSessions,132] - Finished invalidation session. [1] sessions were stopped.
08:47:30.096 [schedule-pool-1] INFO  c.r.f.s.w.s.OnlineWebSessionManager - [validateSessions,87] - invalidation sessions...
08:47:30.100 [schedule-pool-1] INFO  c.r.f.s.w.s.OnlineWebSessionManager - [validateSessions,132] - Finished invalidation session. No sessions were stopped.
08:57:30.119 [schedule-pool-4] INFO  c.r.f.s.w.s.OnlineWebSessionManager - [validateSessions,87] - invalidation sessions...
08:57:30.126 [schedule-pool-4] INFO  c.r.f.s.w.s.OnlineWebSessionManager - [validateSessions,132] - Finished invalidation session. No sessions were stopped.
09:07:30.123 [schedule-pool-2] INFO  c.r.f.s.w.s.OnlineWebSessionManager - [validateSessions,87] - invalidation sessions...
09:07:30.129 [schedule-pool-2] INFO  c.r.f.s.w.s.OnlineWebSessionManager - [validateSessions,132] - Finished invalidation session. No sessions were stopped.
09:17:30.127 [schedule-pool-5] INFO  c.r.f.s.w.s.OnlineWebSessionManager - [validateSessions,87] - invalidation sessions...
09:17:30.132 [schedule-pool-5] INFO  c.r.f.s.w.s.OnlineWebSessionManager - [validateSessions,132] - Finished invalidation session. No sessions were stopped.
09:27:30.144 [schedule-pool-3] INFO  c.r.f.s.w.s.OnlineWebSessionManager - [validateSessions,87] - invalidation sessions...
09:27:30.152 [schedule-pool-3] INFO  c.r.f.s.w.s.OnlineWebSessionManager - [validateSessions,132] - Finished invalidation session. No sessions were stopped.
09:37:30.148 [schedule-pool-6] INFO  c.r.f.s.w.s.OnlineWebSessionManager - [validateSessions,87] - invalidation sessions...
09:37:30.152 [schedule-pool-6] INFO  c.r.f.s.w.s.OnlineWebSessionManager - [validateSessions,132] - Finished invalidation session. No sessions were stopped.
09:47:30.154 [schedule-pool-1] INFO  c.r.f.s.w.s.OnlineWebSessionManager - [validateSessions,87] - invalidation sessions...
09:47:30.158 [schedule-pool-1] INFO  c.r.f.s.w.s.OnlineWebSessionManager - [validateSessions,132] - Finished invalidation session. No sessions were stopped.
09:57:30.157 [schedule-pool-7] INFO  c.r.f.s.w.s.OnlineWebSessionManager - [validateSessions,87] - invalidation sessions...
09:57:30.162 [schedule-pool-7] INFO  c.r.f.s.w.s.OnlineWebSessionManager - [validateSessions,132] - Finished invalidation session. No sessions were stopped.
10:07:30.178 [schedule-pool-4] INFO  c.r.f.s.w.s.OnlineWebSessionManager - [validateSessions,87] - invalidation sessions...
10:07:30.182 [schedule-pool-4] INFO  c.r.f.s.w.s.OnlineWebSessionManager - [validateSessions,132] - Finished invalidation session. No sessions were stopped.
10:17:30.182 [schedule-pool-8] INFO  c.r.f.s.w.s.OnlineWebSessionManager - [validateSessions,87] - invalidation sessions...
10:17:30.187 [schedule-pool-8] INFO  c.r.f.s.w.s.OnlineWebSessionManager - [validateSessions,132] - Finished invalidation session. No sessions were stopped.
10:27:30.185 [schedule-pool-2] INFO  c.r.f.s.w.s.OnlineWebSessionManager - [validateSessions,87] - invalidation sessions...
10:27:30.190 [schedule-pool-2] INFO  c.r.f.s.w.s.OnlineWebSessionManager - [validateSessions,132] - Finished invalidation session. No sessions were stopped.
10:37:30.201 [schedule-pool-9] INFO  c.r.f.s.w.s.OnlineWebSessionManager - [validateSessions,87] - invalidation sessions...
10:37:30.210 [schedule-pool-9] INFO  c.r.f.s.w.s.OnlineWebSessionManager - [validateSessions,132] - Finished invalidation session. No sessions were stopped.
10:47:30.210 [schedule-pool-5] INFO  c.r.f.s.w.s.OnlineWebSessionManager - [validateSessions,87] - invalidation sessions...
10:47:30.213 [schedule-pool-5] INFO  c.r.f.s.w.s.OnlineWebSessionManager - [validateSessions,132] - Finished invalidation session. No sessions were stopped.
10:57:30.213 [schedule-pool-10] INFO  c.r.f.s.w.s.OnlineWebSessionManager - [validateSessions,87] - invalidation sessions...
10:57:30.218 [schedule-pool-10] INFO  c.r.f.s.w.s.OnlineWebSessionManager - [validateSessions,132] - Finished invalidation session. No sessions were stopped.
11:07:30.232 [schedule-pool-3] INFO  c.r.f.s.w.s.OnlineWebSessionManager - [validateSessions,87] - invalidation sessions...
11:07:30.237 [schedule-pool-3] INFO  c.r.f.s.w.s.OnlineWebSessionManager - [validateSessions,132] - Finished invalidation session. No sessions were stopped.
11:17:30.237 [schedule-pool-11] INFO  c.r.f.s.w.s.OnlineWebSessionManager - [validateSessions,87] - invalidation sessions...
11:17:30.241 [schedule-pool-11] INFO  c.r.f.s.w.s.OnlineWebSessionManager - [validateSessions,132] - Finished invalidation session. No sessions were stopped.
11:27:30.242 [schedule-pool-6] INFO  c.r.f.s.w.s.OnlineWebSessionManager - [validateSessions,87] - invalidation sessions...
11:27:30.246 [schedule-pool-6] INFO  c.r.f.s.w.s.OnlineWebSessionManager - [validateSessions,132] - Finished invalidation session. No sessions were stopped.
11:37:30.253 [schedule-pool-12] INFO  c.r.f.s.w.s.OnlineWebSessionManager - [validateSessions,87] - invalidation sessions...
11:37:30.257 [schedule-pool-12] INFO  c.r.f.s.w.s.OnlineWebSessionManager - [validateSessions,132] - Finished invalidation session. No sessions were stopped.
11:47:30.256 [schedule-pool-1] INFO  c.r.f.s.w.s.OnlineWebSessionManager - [validateSessions,87] - invalidation sessions...
11:47:30.261 [schedule-pool-1] INFO  c.r.f.s.w.s.OnlineWebSessionManager - [validateSessions,132] - Finished invalidation session. No sessions were stopped.
11:57:30.259 [schedule-pool-13] INFO  c.r.f.s.w.s.OnlineWebSessionManager - [validateSessions,87] - invalidation sessions...
11:57:30.266 [schedule-pool-13] INFO  c.r.f.s.w.s.OnlineWebSessionManager - [validateSessions,132] - Finished invalidation session. No sessions were stopped.
12:07:30.280 [schedule-pool-7] INFO  c.r.f.s.w.s.OnlineWebSessionManager - [validateSessions,87] - invalidation sessions...
12:07:30.284 [schedule-pool-7] INFO  c.r.f.s.w.s.OnlineWebSessionManager - [validateSessions,132] - Finished invalidation session. No sessions were stopped.
12:17:30.284 [schedule-pool-14] INFO  c.r.f.s.w.s.OnlineWebSessionManager - [validateSessions,87] - invalidation sessions...
12:17:30.289 [schedule-pool-14] INFO  c.r.f.s.w.s.OnlineWebSessionManager - [validateSessions,132] - Finished invalidation session. No sessions were stopped.
12:27:30.289 [schedule-pool-4] INFO  c.r.f.s.w.s.OnlineWebSessionManager - [validateSessions,87] - invalidation sessions...
12:27:30.298 [schedule-pool-4] INFO  c.r.f.s.w.s.OnlineWebSessionManager - [validateSessions,132] - Finished invalidation session. No sessions were stopped.
12:37:30.308 [schedule-pool-15] INFO  c.r.f.s.w.s.OnlineWebSessionManager - [validateSessions,87] - invalidation sessions...
12:37:30.312 [schedule-pool-15] INFO  c.r.f.s.w.s.OnlineWebSessionManager - [validateSessions,132] - Finished invalidation session. No sessions were stopped.
12:47:30.313 [schedule-pool-8] INFO  c.r.f.s.w.s.OnlineWebSessionManager - [validateSessions,87] - invalidation sessions...
12:47:30.318 [schedule-pool-8] INFO  c.r.f.s.w.s.OnlineWebSessionManager - [validateSessions,132] - Finished invalidation session. No sessions were stopped.
12:57:30.313 [schedule-pool-16] INFO  c.r.f.s.w.s.OnlineWebSessionManager - [validateSessions,87] - invalidation sessions...
12:57:30.319 [schedule-pool-16] INFO  c.r.f.s.w.s.OnlineWebSessionManager - [validateSessions,132] - Finished invalidation session. No sessions were stopped.
13:07:30.333 [schedule-pool-2] INFO  c.r.f.s.w.s.OnlineWebSessionManager - [validateSessions,87] - invalidation sessions...
13:07:30.337 [schedule-pool-2] INFO  c.r.f.s.w.s.OnlineWebSessionManager - [validateSessions,132] - Finished invalidation session. No sessions were stopped.
13:17:30.343 [schedule-pool-17] INFO  c.r.f.s.w.s.OnlineWebSessionManager - [validateSessions,87] - invalidation sessions...
13:17:30.349 [schedule-pool-17] INFO  c.r.f.s.w.s.OnlineWebSessionManager - [validateSessions,132] - Finished invalidation session. No sessions were stopped.
13:27:30.342 [schedule-pool-9] INFO  c.r.f.s.w.s.OnlineWebSessionManager - [validateSessions,87] - invalidation sessions...
13:27:30.347 [schedule-pool-9] INFO  c.r.f.s.w.s.OnlineWebSessionManager - [validateSessions,132] - Finished invalidation session. No sessions were stopped.
13:37:30.345 [schedule-pool-18] INFO  c.r.f.s.w.s.OnlineWebSessionManager - [validateSessions,87] - invalidation sessions...
13:37:30.350 [schedule-pool-18] INFO  c.r.f.s.w.s.OnlineWebSessionManager - [validateSessions,132] - Finished invalidation session. No sessions were stopped.
13:47:30.365 [schedule-pool-5] INFO  c.r.f.s.w.s.OnlineWebSessionManager - [validateSessions,87] - invalidation sessions...
13:47:30.371 [schedule-pool-5] INFO  c.r.f.s.w.s.OnlineWebSessionManager - [validateSessions,132] - Finished invalidation session. No sessions were stopped.
13:57:30.370 [schedule-pool-19] INFO  c.r.f.s.w.s.OnlineWebSessionManager - [validateSessions,87] - invalidation sessions...
13:57:30.378 [schedule-pool-19] INFO  c.r.f.s.w.s.OnlineWebSessionManager - [validateSessions,132] - Finished invalidation session. No sessions were stopped.
16:25:54.441 [schedule-pool-10] INFO  c.r.f.s.w.s.OnlineWebSessionManager - [validateSessions,87] - invalidation sessions...
16:25:54.447 [schedule-pool-10] INFO  c.r.f.s.w.s.OnlineWebSessionManager - [validateSessions,132] - Finished invalidation session. No sessions were stopped.
16:35:54.429 [schedule-pool-20] INFO  c.r.f.s.w.s.OnlineWebSessionManager - [validateSessions,87] - invalidation sessions...
16:35:54.436 [schedule-pool-20] INFO  c.r.f.s.w.s.OnlineWebSessionManager - [validateSessions,132] - Finished invalidation session. No sessions were stopped.
16:45:54.450 [schedule-pool-3] INFO  c.r.f.s.w.s.OnlineWebSessionManager - [validateSessions,87] - invalidation sessions...
16:45:54.455 [schedule-pool-3] INFO  c.r.f.s.w.s.OnlineWebSessionManager - [validateSessions,132] - Finished invalidation session. No sessions were stopped.
16:55:54.446 [schedule-pool-21] INFO  c.r.f.s.w.s.OnlineWebSessionManager - [validateSessions,87] - invalidation sessions...
16:55:54.451 [schedule-pool-21] INFO  c.r.f.s.w.s.OnlineWebSessionManager - [validateSessions,132] - Finished invalidation session. No sessions were stopped.
17:05:54.448 [schedule-pool-11] INFO  c.r.f.s.w.s.OnlineWebSessionManager - [validateSessions,87] - invalidation sessions...
17:05:54.455 [schedule-pool-11] INFO  c.r.f.s.w.s.OnlineWebSessionManager - [validateSessions,132] - Finished invalidation session. No sessions were stopped.
17:15:54.482 [schedule-pool-22] INFO  c.r.f.s.w.s.OnlineWebSessionManager - [validateSessions,87] - invalidation sessions...
17:15:54.487 [schedule-pool-22] INFO  c.r.f.s.w.s.OnlineWebSessionManager - [validateSessions,132] - Finished invalidation session. No sessions were stopped.
17:25:54.475 [schedule-pool-6] INFO  c.r.f.s.w.s.OnlineWebSessionManager - [validateSessions,87] - invalidation sessions...
17:25:54.487 [schedule-pool-6] INFO  c.r.f.s.w.s.OnlineWebSessionManager - [validateSessions,132] - Finished invalidation session. No sessions were stopped.
17:35:54.473 [schedule-pool-23] INFO  c.r.f.s.w.s.OnlineWebSessionManager - [validateSessions,87] - invalidation sessions...
17:35:54.478 [schedule-pool-23] INFO  c.r.f.s.w.s.OnlineWebSessionManager - [validateSessions,132] - Finished invalidation session. No sessions were stopped.
17:45:54.504 [schedule-pool-12] INFO  c.r.f.s.w.s.OnlineWebSessionManager - [validateSessions,87] - invalidation sessions...
17:45:54.509 [schedule-pool-12] INFO  c.r.f.s.w.s.OnlineWebSessionManager - [validateSessions,132] - Finished invalidation session. No sessions were stopped.
17:55:54.502 [schedule-pool-24] INFO  c.r.f.s.w.s.OnlineWebSessionManager - [validateSessions,87] - invalidation sessions...
17:55:54.509 [schedule-pool-24] INFO  c.r.f.s.w.s.OnlineWebSessionManager - [validateSessions,132] - Finished invalidation session. No sessions were stopped.
18:05:54.510 [schedule-pool-1] INFO  c.r.f.s.w.s.OnlineWebSessionManager - [validateSessions,87] - invalidation sessions...
18:05:54.514 [schedule-pool-1] INFO  c.r.f.s.w.s.OnlineWebSessionManager - [validateSessions,132] - Finished invalidation session. No sessions were stopped.
18:15:54.531 [schedule-pool-25] INFO  c.r.f.s.w.s.OnlineWebSessionManager - [validateSessions,87] - invalidation sessions...
18:15:54.542 [schedule-pool-25] INFO  c.r.f.s.w.s.OnlineWebSessionManager - [validateSessions,132] - Finished invalidation session. No sessions were stopped.
18:25:54.531 [schedule-pool-13] INFO  c.r.f.s.w.s.OnlineWebSessionManager - [validateSessions,87] - invalidation sessions...
18:25:54.538 [schedule-pool-13] INFO  c.r.f.s.w.s.OnlineWebSessionManager - [validateSessions,132] - Finished invalidation session. No sessions were stopped.
18:35:54.524 [schedule-pool-13] INFO  c.r.f.s.w.s.OnlineWebSessionManager - [validateSessions,87] - invalidation sessions...
18:35:54.535 [schedule-pool-13] INFO  c.r.f.s.w.s.OnlineWebSessionManager - [validateSessions,132] - Finished invalidation session. No sessions were stopped.
18:45:54.545 [schedule-pool-13] INFO  c.r.f.s.w.s.OnlineWebSessionManager - [validateSessions,87] - invalidation sessions...
18:45:54.557 [schedule-pool-13] INFO  c.r.f.s.w.s.OnlineWebSessionManager - [validateSessions,132] - Finished invalidation session. No sessions were stopped.
19:37:00.653 [schedule-pool-13] INFO  c.r.f.s.w.s.OnlineWebSessionManager - [validateSessions,87] - invalidation sessions...
19:37:00.658 [schedule-pool-13] INFO  c.r.f.s.w.s.OnlineWebSessionManager - [validateSessions,132] - Finished invalidation session. No sessions were stopped.
19:47:00.648 [schedule-pool-13] INFO  c.r.f.s.w.s.OnlineWebSessionManager - [validateSessions,87] - invalidation sessions...
19:47:00.652 [schedule-pool-13] INFO  c.r.f.s.w.s.OnlineWebSessionManager - [validateSessions,132] - Finished invalidation session. No sessions were stopped.
19:57:00.641 [schedule-pool-13] INFO  c.r.f.s.w.s.OnlineWebSessionManager - [validateSessions,87] - invalidation sessions...
19:57:00.654 [schedule-pool-13] INFO  c.r.f.s.w.s.OnlineWebSessionManager - [validateSessions,132] - Finished invalidation session. No sessions were stopped.
20:07:00.664 [schedule-pool-13] INFO  c.r.f.s.w.s.OnlineWebSessionManager - [validateSessions,87] - invalidation sessions...
20:07:00.674 [schedule-pool-13] INFO  c.r.f.s.w.s.OnlineWebSessionManager - [validateSessions,132] - Finished invalidation session. No sessions were stopped.
23:04:48.562 [schedule-pool-13] INFO  c.r.f.s.w.s.OnlineWebSessionManager - [validateSessions,87] - invalidation sessions...
23:04:48.568 [schedule-pool-13] INFO  c.r.f.s.w.s.OnlineWebSessionManager - [validateSessions,132] - Finished invalidation session. No sessions were stopped.
23:14:48.552 [schedule-pool-13] INFO  c.r.f.s.w.s.OnlineWebSessionManager - [validateSessions,87] - invalidation sessions...
23:14:48.557 [schedule-pool-13] INFO  c.r.f.s.w.s.OnlineWebSessionManager - [validateSessions,132] - Finished invalidation session. No sessions were stopped.
23:24:48.543 [schedule-pool-13] INFO  c.r.f.s.w.s.OnlineWebSessionManager - [validateSessions,87] - invalidation sessions...
23:24:48.547 [schedule-pool-13] INFO  c.r.f.s.w.s.OnlineWebSessionManager - [validateSessions,132] - Finished invalidation session. No sessions were stopped.
23:34:48.568 [schedule-pool-13] INFO  c.r.f.s.w.s.OnlineWebSessionManager - [validateSessions,87] - invalidation sessions...
23:34:48.572 [schedule-pool-13] INFO  c.r.f.s.w.s.OnlineWebSessionManager - [validateSessions,132] - Finished invalidation session. No sessions were stopped.
23:44:48.576 [schedule-pool-13] INFO  c.r.f.s.w.s.OnlineWebSessionManager - [validateSessions,87] - invalidation sessions...
23:44:48.580 [schedule-pool-13] INFO  c.r.f.s.w.s.OnlineWebSessionManager - [validateSessions,132] - Finished invalidation session. No sessions were stopped.
23:54:48.575 [schedule-pool-13] INFO  c.r.f.s.w.s.OnlineWebSessionManager - [validateSessions,87] - invalidation sessions...
23:54:48.582 [schedule-pool-13] INFO  c.r.f.s.w.s.OnlineWebSessionManager - [validateSessions,132] - Finished invalidation session. No sessions were stopped.
