07:36:59.631 [restartedMain] INFO  c.r.RuoYiApplication - [logStarting,50] - Starting RuoYiApplication on MacBook-Pro.local with PID 69169 (/Users/weilai/IdeaProjects/RuoYi/ruoyi-admin/target/classes started by weilai in /Users/weilai/IdeaProjects/RuoYi)
07:36:59.639 [restartedMain] INFO  c.r.RuoYiApplication - [logStartupProfileInfo,679] - The following profiles are active: druid
07:37:01.585 [restartedMain] INFO  o.a.s.c.e.EhCacheManager - [getCache,158] - Cache with name 'com.ruoyi.framework.shiro.realm.UserRealm.authorizationCache' does not yet exist.  Creating now.
07:37:01.585 [restartedMain] INFO  o.a.s.c.e.EhCacheManager - [getCache,165] - Added EhCache named [com.ruoyi.framework.shiro.realm.UserRealm.authorizationCache]
07:37:02.314 [restartedMain] INFO  o.a.s.c.e.EhCacheManager - [getCache,169] - Using existing EHCache named [loginRecordCache]
07:37:02.847 [restartedMain] INFO  c.a.d.p.DruidDataSource - [init,991] - {dataSource-1} inited
07:37:02.970 [restartedMain] INFO  o.a.s.c.e.EhCacheManager - [getCache,169] - Using existing EHCache named [sys-config]
07:37:02.973 [restartedMain] INFO  o.a.s.c.e.EhCacheManager - [getCache,169] - Using existing EHCache named [sys-config]
07:37:02.973 [restartedMain] INFO  o.a.s.c.e.EhCacheManager - [getCache,169] - Using existing EHCache named [sys-config]
07:37:02.974 [restartedMain] INFO  o.a.s.c.e.EhCacheManager - [getCache,169] - Using existing EHCache named [sys-config]
07:37:03.085 [restartedMain] INFO  o.a.s.c.e.EhCacheManager - [getCache,169] - Using existing EHCache named [sys-userCache]
07:37:03.085 [restartedMain] INFO  o.a.s.c.e.EhCacheManager - [getCache,169] - Using existing EHCache named [sys-userCache]
07:37:03.516 [restartedMain] INFO  o.a.c.h.Http11NioProtocol - [log,173] - Initializing ProtocolHandler ["http-nio-8888"]
07:37:03.524 [restartedMain] INFO  o.a.c.c.StandardService - [log,173] - Starting service [Tomcat]
07:37:03.525 [restartedMain] INFO  o.a.c.c.StandardEngine - [log,173] - Starting Servlet Engine: Apache Tomcat/9.0.13
07:37:03.531 [restartedMain] INFO  o.a.c.c.AprLifecycleListener - [log,173] - The APR based Apache Tomcat Native library which allows optimal performance in production environments was not found on the java.library.path: [/Users/weilai/Library/Java/Extensions:/Library/Java/Extensions:/Network/Library/Java/Extensions:/System/Library/Java/Extensions:/usr/lib/java:.]
07:37:03.625 [restartedMain] INFO  o.a.c.c.C.[.[.[/] - [log,173] - Initializing Spring embedded WebApplicationContext
07:37:03.981 [restartedMain] INFO  o.a.s.c.e.EhCacheManager - [getCache,169] - Using existing EHCache named [sys-dict]
07:37:03.986 [restartedMain] INFO  o.a.s.c.e.EhCacheManager - [getCache,169] - Using existing EHCache named [sys-dict]
07:37:03.990 [restartedMain] INFO  o.a.s.c.e.EhCacheManager - [getCache,169] - Using existing EHCache named [sys-dict]
07:37:03.995 [restartedMain] INFO  o.a.s.c.e.EhCacheManager - [getCache,169] - Using existing EHCache named [sys-dict]
07:37:03.999 [restartedMain] INFO  o.a.s.c.e.EhCacheManager - [getCache,169] - Using existing EHCache named [sys-dict]
07:37:04.003 [restartedMain] INFO  o.a.s.c.e.EhCacheManager - [getCache,169] - Using existing EHCache named [sys-dict]
07:37:04.008 [restartedMain] INFO  o.a.s.c.e.EhCacheManager - [getCache,169] - Using existing EHCache named [sys-dict]
07:37:04.014 [restartedMain] INFO  o.a.s.c.e.EhCacheManager - [getCache,169] - Using existing EHCache named [sys-dict]
07:37:04.021 [restartedMain] INFO  o.a.s.c.e.EhCacheManager - [getCache,169] - Using existing EHCache named [sys-dict]
07:37:04.025 [restartedMain] INFO  o.a.s.c.e.EhCacheManager - [getCache,169] - Using existing EHCache named [sys-dict]
07:37:04.230 [restartedMain] INFO  o.q.i.StdSchedulerFactory - [instantiate,1208] - Using default implementation for ThreadExecutor
07:37:04.247 [restartedMain] INFO  o.q.c.SchedulerSignalerImpl - [<init>,61] - Initialized Scheduler Signaller of type: class org.quartz.core.SchedulerSignalerImpl
07:37:04.247 [restartedMain] INFO  o.q.c.QuartzScheduler - [<init>,229] - Quartz Scheduler v.2.3.0 created.
07:37:04.254 [restartedMain] INFO  o.q.c.QuartzScheduler - [initialize,294] - Scheduler meta-data: Quartz Scheduler (v2.3.0) 'RuoyiScheduler' with instanceId 'MacBook-Pro.local1593128224232'
  Scheduler class: 'org.quartz.core.QuartzScheduler' - running locally.
  NOT STARTED.
  Currently in standby mode.
  Number of jobs executed: 0
  Using thread pool 'org.quartz.simpl.SimpleThreadPool' - with 20 threads.
  Using job-store 'org.springframework.scheduling.quartz.LocalDataSourceJobStore' - which supports persistence. and is clustered.

07:37:04.254 [restartedMain] INFO  o.q.i.StdSchedulerFactory - [instantiate,1362] - Quartz scheduler 'RuoyiScheduler' initialized from an externally provided properties instance.
07:37:04.255 [restartedMain] INFO  o.q.i.StdSchedulerFactory - [instantiate,1366] - Quartz scheduler version: 2.3.0
07:37:04.257 [restartedMain] INFO  o.q.c.QuartzScheduler - [setJobFactory,2287] - JobFactory set to: org.springframework.scheduling.quartz.AdaptableJobFactory@688ea3d0
07:37:05.178 [restartedMain] INFO  s.d.s.w.PropertySourcedRequestMappingHandlerMapping - [initHandlerMethods,69] - Mapped URL path [/v2/api-docs] onto method [public org.springframework.http.ResponseEntity<springfox.documentation.spring.web.json.Json> springfox.documentation.swagger2.web.Swagger2Controller.getDocumentation(java.lang.String,javax.servlet.http.HttpServletRequest)]
07:37:05.990 [restartedMain] INFO  s.d.s.w.p.DocumentationPluginsBootstrapper - [start,160] - Context refreshed
07:37:06.005 [restartedMain] INFO  s.d.s.w.p.DocumentationPluginsBootstrapper - [start,163] - Found 1 custom documentation plugin(s)
07:37:06.056 [restartedMain] INFO  s.d.s.w.s.ApiListingReferenceScanner - [scan,41] - Scanning for api listing references
07:37:06.382 [restartedMain] INFO  o.a.c.h.Http11NioProtocol - [log,173] - Starting ProtocolHandler ["http-nio-8888"]
07:37:06.400 [restartedMain] INFO  o.a.t.u.n.NioSelectorPool - [log,173] - Using a shared selector for servlet write/read
07:37:06.419 [restartedMain] INFO  c.r.RuoYiApplication - [logStarted,59] - Started RuoYiApplication in 7.229 seconds (JVM running for 8.084)
07:37:07.422 [Quartz Scheduler [RuoyiScheduler]] INFO  o.q.c.QuartzScheduler - [start,547] - Scheduler RuoyiScheduler_$_MacBook-Pro.local1593128224232 started.
07:38:18.821 [http-nio-8888-exec-1] INFO  o.a.c.c.C.[.[.[/] - [log,173] - Initializing Spring DispatcherServlet 'dispatcherServlet'
07:38:18.854 [http-nio-8888-exec-1] INFO  o.a.s.s.m.AbstractValidatingSessionManager - [enableSessionValidation,233] - Enabling session validation scheduler...
07:38:18.886 [http-nio-8888-exec-1] INFO  o.a.s.c.e.EhCacheManager - [getCache,169] - Using existing EHCache named [shiro-activeSessionCache]
07:38:18.974 [http-nio-8888-exec-1] INFO  o.a.s.c.e.EhCacheManager - [getCache,169] - Using existing EHCache named [sys-config]
07:38:18.976 [http-nio-8888-exec-1] INFO  o.a.s.c.e.EhCacheManager - [getCache,169] - Using existing EHCache named [sys-config]
07:38:19.861 [schedule-pool-2] INFO  c.r.f.s.w.s.OnlineWebSessionManager - [validateSessions,87] - invalidation sessions...
07:38:19.872 [schedule-pool-2] INFO  c.r.f.s.w.s.OnlineWebSessionManager - [validateSessions,132] - Finished invalidation session. No sessions were stopped.
07:38:23.250 [http-nio-8888-exec-29] INFO  o.a.s.c.e.EhCacheManager - [getCache,169] - Using existing EHCache named [sys-dict]
07:38:26.579 [http-nio-8888-exec-26] INFO  o.a.s.c.e.EhCacheManager - [getCache,169] - Using existing EHCache named [sys-dict]
07:38:26.585 [http-nio-8888-exec-26] INFO  o.a.s.c.e.EhCacheManager - [getCache,169] - Using existing EHCache named [sys-dict]
07:38:27.520 [http-nio-8888-exec-29] INFO  o.a.s.c.e.EhCacheManager - [getCache,169] - Using existing EHCache named [sys-dict]
07:38:27.528 [http-nio-8888-exec-29] INFO  o.a.s.c.e.EhCacheManager - [getCache,169] - Using existing EHCache named [sys-dict]
07:38:31.031 [http-nio-8888-exec-1] INFO  o.a.s.c.e.EhCacheManager - [getCache,169] - Using existing EHCache named [sys-dict]
07:38:31.037 [http-nio-8888-exec-1] INFO  o.a.s.c.e.EhCacheManager - [getCache,169] - Using existing EHCache named [sys-dict]
07:38:31.118 [http-nio-8888-exec-30] INFO  c.r.c.c.d.DynamicDataSourceContextHolder - [setDataSourceType,24] - 切换到SLAVE数据源
07:38:31.278 [http-nio-8888-exec-30] INFO  c.a.d.p.DruidDataSource - [init,991] - {dataSource-2} inited
07:38:32.760 [http-nio-8888-exec-5] INFO  o.a.s.c.e.EhCacheManager - [getCache,169] - Using existing EHCache named [sys-dict]
07:38:32.765 [http-nio-8888-exec-5] INFO  o.a.s.c.e.EhCacheManager - [getCache,169] - Using existing EHCache named [sys-dict]
07:38:34.841 [http-nio-8888-exec-3] INFO  o.a.s.c.e.EhCacheManager - [getCache,169] - Using existing EHCache named [sys-dict]
07:38:34.846 [http-nio-8888-exec-3] INFO  o.a.s.c.e.EhCacheManager - [getCache,169] - Using existing EHCache named [sys-dict]
07:38:41.134 [http-nio-8888-exec-8] INFO  o.a.s.c.e.EhCacheManager - [getCache,169] - Using existing EHCache named [sys-dict]
07:38:58.232 [http-nio-8888-exec-13] INFO  o.a.s.c.e.EhCacheManager - [getCache,169] - Using existing EHCache named [sys-dict]
07:39:15.468 [http-nio-8888-exec-20] INFO  o.a.s.c.e.EhCacheManager - [getCache,169] - Using existing EHCache named [sys-dict]
07:39:23.051 [http-nio-8888-exec-24] INFO  o.a.s.c.e.EhCacheManager - [getCache,169] - Using existing EHCache named [sys-dict]
07:39:32.221 [http-nio-8888-exec-6] INFO  o.a.s.c.e.EhCacheManager - [getCache,169] - Using existing EHCache named [sys-dict]
07:39:38.925 [http-nio-8888-exec-3] INFO  o.a.s.c.e.EhCacheManager - [getCache,169] - Using existing EHCache named [sys-dict]
07:39:46.700 [http-nio-8888-exec-12] INFO  o.a.s.c.e.EhCacheManager - [getCache,169] - Using existing EHCache named [sys-dict]
07:39:55.745 [http-nio-8888-exec-18] INFO  o.a.s.c.e.EhCacheManager - [getCache,169] - Using existing EHCache named [sys-dict]
07:41:22.470 [Thread-26] INFO  o.q.c.QuartzScheduler - [standby,585] - Scheduler RuoyiScheduler_$_MacBook-Pro.local1593128224232 paused.
07:41:22.473 [Thread-26] INFO  o.q.c.QuartzScheduler - [shutdown,666] - Scheduler RuoyiScheduler_$_MacBook-Pro.local1593128224232 shutting down.
07:41:22.474 [Thread-26] INFO  o.q.c.QuartzScheduler - [standby,585] - Scheduler RuoyiScheduler_$_MacBook-Pro.local1593128224232 paused.
07:41:22.475 [Thread-26] INFO  o.q.c.QuartzScheduler - [shutdown,740] - Scheduler RuoyiScheduler_$_MacBook-Pro.local1593128224232 shutdown complete.
07:41:22.475 [Thread-26] INFO  sys-user - [shutdownSpringSessionValidationScheduler,41] - ====关闭会话验证任务====
07:41:22.479 [Thread-26] INFO  sys-user - [shutdownAsyncManager,54] - ====关闭后台任务任务线程池====
07:41:22.479 [Thread-26] INFO  sys-user - [shutdownEhCacheManager,63] - ====关闭缓存====
07:41:22.495 [Thread-26] INFO  c.a.d.p.DruidDataSource - [close,1928] - {dataSource-2} closed
07:41:22.496 [Thread-26] INFO  c.a.d.p.DruidDataSource - [close,1928] - {dataSource-1} closed
07:41:25.552 [restartedMain] INFO  c.r.RuoYiApplication - [logStarting,50] - Starting RuoYiApplication on MacBook-Pro.local with PID 69993 (/Users/weilai/IdeaProjects/RuoYi/ruoyi-admin/target/classes started by weilai in /Users/weilai/IdeaProjects/RuoYi)
07:41:25.557 [restartedMain] INFO  c.r.RuoYiApplication - [logStartupProfileInfo,679] - The following profiles are active: druid
07:41:27.349 [restartedMain] INFO  o.a.s.c.e.EhCacheManager - [getCache,158] - Cache with name 'com.ruoyi.framework.shiro.realm.UserRealm.authorizationCache' does not yet exist.  Creating now.
07:41:27.350 [restartedMain] INFO  o.a.s.c.e.EhCacheManager - [getCache,165] - Added EhCache named [com.ruoyi.framework.shiro.realm.UserRealm.authorizationCache]
07:41:28.087 [restartedMain] INFO  o.a.s.c.e.EhCacheManager - [getCache,169] - Using existing EHCache named [loginRecordCache]
07:41:28.630 [restartedMain] INFO  c.a.d.p.DruidDataSource - [init,991] - {dataSource-1} inited
07:41:28.737 [restartedMain] INFO  o.a.s.c.e.EhCacheManager - [getCache,169] - Using existing EHCache named [sys-config]
07:41:28.740 [restartedMain] INFO  o.a.s.c.e.EhCacheManager - [getCache,169] - Using existing EHCache named [sys-config]
07:41:28.741 [restartedMain] INFO  o.a.s.c.e.EhCacheManager - [getCache,169] - Using existing EHCache named [sys-config]
07:41:28.741 [restartedMain] INFO  o.a.s.c.e.EhCacheManager - [getCache,169] - Using existing EHCache named [sys-config]
07:41:28.841 [restartedMain] INFO  o.a.s.c.e.EhCacheManager - [getCache,169] - Using existing EHCache named [sys-userCache]
07:41:28.841 [restartedMain] INFO  o.a.s.c.e.EhCacheManager - [getCache,169] - Using existing EHCache named [sys-userCache]
07:41:29.249 [restartedMain] INFO  o.a.c.h.Http11NioProtocol - [log,173] - Initializing ProtocolHandler ["http-nio-8888"]
07:41:29.255 [restartedMain] INFO  o.a.c.c.StandardService - [log,173] - Starting service [Tomcat]
07:41:29.256 [restartedMain] INFO  o.a.c.c.StandardEngine - [log,173] - Starting Servlet Engine: Apache Tomcat/9.0.13
07:41:29.261 [restartedMain] INFO  o.a.c.c.AprLifecycleListener - [log,173] - The APR based Apache Tomcat Native library which allows optimal performance in production environments was not found on the java.library.path: [/Users/weilai/Library/Java/Extensions:/Library/Java/Extensions:/Network/Library/Java/Extensions:/System/Library/Java/Extensions:/usr/lib/java:.]
07:41:29.333 [restartedMain] INFO  o.a.c.c.C.[.[.[/] - [log,173] - Initializing Spring embedded WebApplicationContext
07:41:29.660 [restartedMain] INFO  o.a.s.c.e.EhCacheManager - [getCache,169] - Using existing EHCache named [sys-dict]
07:41:29.665 [restartedMain] INFO  o.a.s.c.e.EhCacheManager - [getCache,169] - Using existing EHCache named [sys-dict]
07:41:29.670 [restartedMain] INFO  o.a.s.c.e.EhCacheManager - [getCache,169] - Using existing EHCache named [sys-dict]
07:41:29.675 [restartedMain] INFO  o.a.s.c.e.EhCacheManager - [getCache,169] - Using existing EHCache named [sys-dict]
07:41:29.679 [restartedMain] INFO  o.a.s.c.e.EhCacheManager - [getCache,169] - Using existing EHCache named [sys-dict]
07:41:29.684 [restartedMain] INFO  o.a.s.c.e.EhCacheManager - [getCache,169] - Using existing EHCache named [sys-dict]
07:41:29.688 [restartedMain] INFO  o.a.s.c.e.EhCacheManager - [getCache,169] - Using existing EHCache named [sys-dict]
07:41:29.694 [restartedMain] INFO  o.a.s.c.e.EhCacheManager - [getCache,169] - Using existing EHCache named [sys-dict]
07:41:29.699 [restartedMain] INFO  o.a.s.c.e.EhCacheManager - [getCache,169] - Using existing EHCache named [sys-dict]
07:41:29.703 [restartedMain] INFO  o.a.s.c.e.EhCacheManager - [getCache,169] - Using existing EHCache named [sys-dict]
07:41:29.931 [restartedMain] INFO  o.q.i.StdSchedulerFactory - [instantiate,1208] - Using default implementation for ThreadExecutor
07:41:29.947 [restartedMain] INFO  o.q.c.SchedulerSignalerImpl - [<init>,61] - Initialized Scheduler Signaller of type: class org.quartz.core.SchedulerSignalerImpl
07:41:29.947 [restartedMain] INFO  o.q.c.QuartzScheduler - [<init>,229] - Quartz Scheduler v.2.3.0 created.
07:41:29.954 [restartedMain] INFO  o.q.c.QuartzScheduler - [initialize,294] - Scheduler meta-data: Quartz Scheduler (v2.3.0) 'RuoyiScheduler' with instanceId 'MacBook-Pro.local1593128489933'
  Scheduler class: 'org.quartz.core.QuartzScheduler' - running locally.
  NOT STARTED.
  Currently in standby mode.
  Number of jobs executed: 0
  Using thread pool 'org.quartz.simpl.SimpleThreadPool' - with 20 threads.
  Using job-store 'org.springframework.scheduling.quartz.LocalDataSourceJobStore' - which supports persistence. and is clustered.

07:41:29.955 [restartedMain] INFO  o.q.i.StdSchedulerFactory - [instantiate,1362] - Quartz scheduler 'RuoyiScheduler' initialized from an externally provided properties instance.
07:41:29.955 [restartedMain] INFO  o.q.i.StdSchedulerFactory - [instantiate,1366] - Quartz scheduler version: 2.3.0
07:41:29.957 [restartedMain] INFO  o.q.c.QuartzScheduler - [setJobFactory,2287] - JobFactory set to: org.springframework.scheduling.quartz.AdaptableJobFactory@74b40a83
07:41:31.091 [restartedMain] INFO  s.d.s.w.PropertySourcedRequestMappingHandlerMapping - [initHandlerMethods,69] - Mapped URL path [/v2/api-docs] onto method [public org.springframework.http.ResponseEntity<springfox.documentation.spring.web.json.Json> springfox.documentation.swagger2.web.Swagger2Controller.getDocumentation(java.lang.String,javax.servlet.http.HttpServletRequest)]
07:41:31.900 [restartedMain] INFO  s.d.s.w.p.DocumentationPluginsBootstrapper - [start,160] - Context refreshed
07:41:31.914 [restartedMain] INFO  s.d.s.w.p.DocumentationPluginsBootstrapper - [start,163] - Found 1 custom documentation plugin(s)
07:41:31.958 [restartedMain] INFO  s.d.s.w.s.ApiListingReferenceScanner - [scan,41] - Scanning for api listing references
07:41:32.291 [restartedMain] INFO  o.a.c.h.Http11NioProtocol - [log,173] - Starting ProtocolHandler ["http-nio-8888"]
07:41:32.308 [restartedMain] INFO  o.a.t.u.n.NioSelectorPool - [log,173] - Using a shared selector for servlet write/read
07:41:32.327 [restartedMain] INFO  c.r.RuoYiApplication - [logStarted,59] - Started RuoYiApplication in 7.282 seconds (JVM running for 8.155)
07:41:33.325 [Quartz Scheduler [RuoyiScheduler]] INFO  o.q.c.QuartzScheduler - [start,547] - Scheduler RuoyiScheduler_$_MacBook-Pro.local1593128489933 started.
07:41:47.956 [http-nio-8888-exec-1] INFO  o.a.c.c.C.[.[.[/] - [log,173] - Initializing Spring DispatcherServlet 'dispatcherServlet'
07:41:47.986 [http-nio-8888-exec-1] INFO  o.a.s.s.m.AbstractValidatingSessionManager - [enableSessionValidation,233] - Enabling session validation scheduler...
07:41:47.989 [http-nio-8888-exec-1] INFO  o.a.s.c.e.EhCacheManager - [getCache,169] - Using existing EHCache named [shiro-activeSessionCache]
07:41:52.231 [schedule-pool-2] INFO  c.r.f.s.w.s.OnlineWebSessionManager - [validateSessions,87] - invalidation sessions...
07:42:15.310 [schedule-pool-2] INFO  c.r.f.s.w.s.OnlineWebSessionManager - [validateSessions,132] - Finished invalidation session. No sessions were stopped.
07:43:20.305 [Thread-26] INFO  o.q.c.QuartzScheduler - [standby,585] - Scheduler RuoyiScheduler_$_MacBook-Pro.local1593128489933 paused.
07:43:20.308 [Thread-26] INFO  o.q.c.QuartzScheduler - [shutdown,666] - Scheduler RuoyiScheduler_$_MacBook-Pro.local1593128489933 shutting down.
07:43:20.308 [Thread-26] INFO  o.q.c.QuartzScheduler - [standby,585] - Scheduler RuoyiScheduler_$_MacBook-Pro.local1593128489933 paused.
07:43:20.309 [Thread-26] INFO  o.q.c.QuartzScheduler - [shutdown,740] - Scheduler RuoyiScheduler_$_MacBook-Pro.local1593128489933 shutdown complete.
07:43:20.310 [Thread-26] INFO  sys-user - [shutdownSpringSessionValidationScheduler,41] - ====关闭会话验证任务====
07:43:20.310 [Thread-26] INFO  sys-user - [shutdownAsyncManager,54] - ====关闭后台任务任务线程池====
07:43:20.311 [Thread-26] INFO  sys-user - [shutdownEhCacheManager,63] - ====关闭缓存====
07:43:20.324 [Thread-26] INFO  c.a.d.p.DruidDataSource - [close,1928] - {dataSource-1} closed
